0 info it worked if it ends with ok
1 verbose cli [ 'node', '/usr/local/bin/npm', 'install', 'supervise', '-g' ]
2 info using npm@1.2.18
3 info using node@v0.10.4
4 verbose read json /usr/local/lib/package.json
5 verbose read json /usr/local/lib/package.json
6 verbose cache add [ 'supervise', null ]
7 verbose cache add name=undefined spec="supervise" args=["supervise",null]
8 verbose parsed url { protocol: null,
8 verbose parsed url   slashes: null,
8 verbose parsed url   auth: null,
8 verbose parsed url   host: null,
8 verbose parsed url   port: null,
8 verbose parsed url   hostname: null,
8 verbose parsed url   hash: null,
8 verbose parsed url   search: null,
8 verbose parsed url   query: null,
8 verbose parsed url   pathname: 'supervise',
8 verbose parsed url   path: 'supervise',
8 verbose parsed url   href: 'supervise' }
9 silly lockFile a25f3fc1-supervise supervise
10 verbose lock supervise /Users/frosh/.npm/a25f3fc1-supervise.lock
11 silly lockFile a25f3fc1-supervise supervise
12 silly lockFile a25f3fc1-supervise supervise
13 verbose addNamed [ 'supervise', '' ]
14 verbose addNamed [ null, '' ]
15 silly lockFile a684eda2-supervise supervise@
16 verbose lock supervise@ /Users/frosh/.npm/a684eda2-supervise.lock
17 silly addNameRange { name: 'supervise', range: '', hasData: false }
18 verbose url raw supervise
19 verbose url resolving [ 'https://registry.npmjs.org/', './supervise' ]
20 verbose url resolved https://registry.npmjs.org/supervise
21 info trying registry request attempt 1 at 20:51:27
22 http GET https://registry.npmjs.org/supervise
23 http 404 https://registry.npmjs.org/supervise
24 silly registry.get cb [ 404,
24 silly registry.get   { date: 'Mon, 07 Apr 2014 12:51:29 GMT',
24 silly registry.get     server: 'CouchDB/1.5.0 (Erlang OTP/R14B04)',
24 silly registry.get     'content-type': 'application/json',
24 silly registry.get     via: '1.1 varnish',
24 silly registry.get     'cache-control': 'max-age=0',
24 silly registry.get     'content-length': '52',
24 silly registry.get     'accept-ranges': 'bytes',
24 silly registry.get     age: '0',
24 silly registry.get     'x-served-by': 'cache-v43-ASH, cache-ty68-TYO',
24 silly registry.get     'x-cache': 'MISS, MISS',
24 silly registry.get     'x-cache-hits': '0, 0',
24 silly registry.get     'x-timer': 'S1396875089.188953876,VS0,VS86,VE251,VE335',
24 silly registry.get     'keep-alive': 'timeout=10, max=50',
24 silly registry.get     connection: 'Keep-Alive' } ]
25 silly lockFile a684eda2-supervise supervise@
26 silly lockFile a684eda2-supervise supervise@
27 error 404 'supervise' is not in the npm registry.
27 error 404 You should bug the author to publish it
27 error 404
27 error 404 Note that you can also install from a
27 error 404 tarball, folder, or http url, or git url.
28 error System Darwin 12.5.0
29 error command "node" "/usr/local/bin/npm" "install" "supervise" "-g"
30 error cwd /opt/shop
31 error node -v v0.10.4
32 error npm -v 1.2.18
33 error code E404
34 verbose exit [ 1, true ]
